0 info it worked if it ends with ok
1 verbose cli [ 'D:\\node js\\node.exe',
1 verbose cli   'D:\\node js\\node_modules\\npm\\bin\\npm-cli.js',
1 verbose cli   'start' ]
2 info using npm@4.1.2
3 info using node@v7.7.1
4 verbose run-script [ 'prestart', 'start', 'poststart' ]
5 info lifecycle zibahub@1.0.0~prestart: zibahub@1.0.0
6 silly lifecycle zibahub@1.0.0~prestart: no script for prestart, continuing
7 info lifecycle zibahub@1.0.0~start: zibahub@1.0.0
8 verbose lifecycle zibahub@1.0.0~start: unsafe-perm in lifecycle true
9 verbose lifecycle zibahub@1.0.0~start: PATH: D:\node js\node_modules\npm\bin\node-gyp-bin;D:\hariram_new\2062018\www\www\www\www\app\src\node_modules\.bin;C:\ProgramData\Oracle\Java\javapath;C:\Program Files (x86)\Intel\iCLS Client\;C:\Program Files\Intel\iCLS Client\;C:\Windows\system32;C:\Windows;C:\Windows\System32\Wbem;C:\Windows\System32\WindowsPowerShell\v1.0\;C:\Program Files (x86)\Intel\OpenCL SDK\2.0\bin\x86;C:\Program Files (x86)\Intel\OpenCL SDK\2.0\bin\x64;C:\Program Files\Intel\Intel(R) Management Engine Components\DAL;C:\Program Files\Intel\Intel(R) Management Engine Components\IPT;C:\Program Files (x86)\Intel\Intel(R) Management Engine Components\DAL;C:\Program Files (x86)\Intel\Intel(R) Management Engine Components\IPT;C:\Program Files\Java\jdk1.6.0_26\bin;C:\Program Files\Java\jre6\bin;C:\Program Files (x86)\Microsoft SQL Server\100\Tools\Binn\;C:\Program Files\Microsoft SQL Server\100\Tools\Binn\;C:\Program Files\Microsoft SQL Server\100\DTS\Binn\;C:\Program Files (x86)\Microsoft SQL Server\100\Tools\Binn\VSShell\Common7\IDE\;C:\Program Files (x86)\Microsoft SQL Server\100\DTS\Binn\;C:\Program Files (x86)\Microsoft Visual Studio 9.0\Common7\IDE\PrivateAssemblies\;C:\Program File;C:\Program Files (x86)\Common Files\lenovo\easyplussdk\bin;C:\xampp\php\php.exe;C:\xampp\htdocs\yii;C:\Program Files\Git\cmd;C:\Program Files\Git\mingw64\bin;C:\Program Files\Git\bin;D:\node js\;C:\Program Files\PuTTY\;d:\SQL Server\Client SDK\ODBC\110\Tools\Binn\;C:\Program Files (x86)\Microsoft SQL Server\120\Tools\Binn\;d:\SQL Server\120\Tools\Binn\;d:\SQL Server\120\DTS\Binn\;C:\Users\RajeshKumar\AppData\Local\atom\bin;C:\Users\RajeshKumar\AppData\Roaming\npm;D:\Docker Toolbox;C:\Users\RajeshKumar\AppData\Local\Programs\Python\Python36-32\Scripts
10 verbose lifecycle zibahub@1.0.0~start: CWD: D:\hariram_new\2062018\www\www\www\www\app\src
11 silly lifecycle zibahub@1.0.0~start: Args: [ '/d /s /c', 'node server.js' ]
12 verbose stack Error: kill ENOSYS
12 verbose stack     at exports._errnoException (util.js:1029:11)
12 verbose stack     at process.kill (internal/process.js:188:13)
12 verbose stack     at process.listener (D:\node js\node_modules\npm\node_modules\npmlog\node_modules\gauge\node_modules\signal-exit\index.js:95:15)
12 verbose stack     at emitNone (events.js:86:13)
12 verbose stack     at process.emit (events.js:188:7)
12 verbose stack     at processEmit (D:\node js\node_modules\npm\node_modules\npmlog\node_modules\gauge\node_modules\signal-exit\index.js:155:32)
12 verbose stack     at Signal.wrap.onsignal (internal/process.js:215:44)
13 verbose cwd D:\hariram_new\2062018\www\www\www\www\app\src
14 error Windows_NT 6.1.7601
15 error argv "D:\\node js\\node.exe" "D:\\node js\\node_modules\\npm\\bin\\npm-cli.js" "start"
16 error node v7.7.1
17 error npm  v4.1.2
18 error code ENOSYS
19 error errno ENOSYS
20 error syscall kill
21 error kill ENOSYS
22 error If you need help, you may report this error at:
22 error     <https://github.com/npm/npm/issues>
23 verbose exit [ 1, true ]
